<?xml version="1.0" encoding="UTF-8"?>
<testsuite xmlns:xsi="http://www.w3.org/2001/XMLSchema-instance" xsi:noNamespaceSchemaLocation="https://maven.apache.org/surefire/maven-surefire-plugin/xsd/surefire-test-report-3.0.xsd" version="3.0" name="br.com.fiap.datatech.DatatechApplicationTests" time="11.169" tests="1" errors="0" skipped="0" failures="0">
  <properties>
[...]
</properties>
  <testcase name="contextLoads" classname="br.com.fiap.datatech.DatatechApplicationTests" time="0.561">
    <system-out><![CDATA[00:15:41.144 [main] INFO org.springframework.test.context.support.AnnotationConfigContextLoaderUtils -- Could not detect default configuration classes for test class [br.com.fiap.datatech.DatatechApplicationTests]: DatatechApplicationTests does not declare any static, non-private, non-final, nested classes annotated with @Configuration.
00:15:41.205 [main] INFO org.springframework.boot.test.context.SpringBootTestContextBootstrapper -- Found @SpringBootConfiguration br.com.fiap.datatech.DatatechApplication for test class br.com.fiap.datatech.DatatechApplicationTests
00:15:41.302 [main] INFO org.springframework.boot.devtools.restart.RestartApplicationListener -- Restart disabled due to context in which it is running

  .   ____          _            __ _ _
 /\\ / ___'_ __ _ _(_)_ __  __ _ \ \ \ \
( ( )\___ | '_ | '_| | '_ \/ _` | \ \ \ \
 \\/  ___)| |_)| | | | | || (_| |  ) ) ) )
  '  |____| .__|_| |_|_| |_\__, | / / / /
 =========|_|==============|___/=/_/_/_/
 :: Spring Boot ::                (v3.2.5)

2024-10-09T00:15:41.577-03:00  INFO 7922 --- [datatech] [           main] b.c.f.datatech.DatatechApplicationTests  : Starting DatatechApplicationTests using Java 17.0.12 with PID 7922 (started by calinathalya in /home/calinathalya/Downloads/Java-datatech3-main)
2024-10-09T00:15:41.580-03:00  INFO 7922 --- [datatech] [           main] b.c.f.datatech.DatatechApplicationTests  : No active profile set, falling back to 1 default profile: "default"
2024-10-09T00:15:42.085-03:00  INFO 7922 --- [datatech] [           main] .s.d.r.c.RepositoryConfigurationDelegate : Bootstrapping Spring Data JPA repositories in DEFAULT mode.
2024-10-09T00:15:42.226-03:00  INFO 7922 --- [datatech] [           main] .s.d.r.c.RepositoryConfigurationDelegate : Finished Spring Data repository scanning in 134 ms. Found 2 JPA repository interfaces.
2024-10-09T00:15:42.539-03:00  WARN 7922 --- [datatech] [           main] trationDelegate$BeanPostProcessorChecker : Bean 'org.springframework.ws.config.annotation.DelegatingWsConfiguration' of type [org.springframework.ws.config.annotation.DelegatingWsConfiguration$$SpringCGLIB$$0] is not eligible for getting processed by all BeanPostProcessors (for example: not eligible for auto-proxying). The currently created BeanPostProcessor [annotationActionEndpointMapping] is declared through a non-static factory method on that class; consider declaring it as static instead.
2024-10-09T00:15:42.566-03:00  INFO 7922 --- [datatech] [           main] .w.s.a.s.AnnotationActionEndpointMapping : Supporting [WS-Addressing August 2004, WS-Addressing 1.0]
2024-10-09T00:15:42.869-03:00  INFO 7922 --- [datatech] [           main] o.hibernate.jpa.internal.util.LogHelper  : HHH000204: Processing PersistenceUnitInfo [name: default]
2024-10-09T00:15:42.971-03:00  INFO 7922 --- [datatech] [           main] org.hibernate.Version                    : HHH000412: Hibernate ORM core version 6.4.4.Final
2024-10-09T00:15:42.997-03:00  INFO 7922 --- [datatech] [           main] o.h.c.internal.RegionFactoryInitiator    : HHH000026: Second-level cache disabled
2024-10-09T00:15:43.193-03:00  INFO 7922 --- [datatech] [           main] o.s.o.j.p.SpringPersistenceUnitInfo      : No LoadTimeWeaver setup: ignoring JPA class transformer
2024-10-09T00:15:43.234-03:00  INFO 7922 --- [datatech] [           main] com.zaxxer.hikari.HikariDataSource       : HikariPool-1 - Starting...
2024-10-09T00:15:43.238-03:00  WARN 7922 --- [datatech] [           main] c.zaxxer.hikari.util.DriverDataSource    : Registered driver with driverClassName=oracle.jdbc.driver.OracleDriver was not found, trying direct instantiation.
2024-10-09T00:15:43.999-03:00  INFO 7922 --- [datatech] [           main] com.zaxxer.hikari.pool.HikariPool        : HikariPool-1 - Added connection oracle.jdbc.driver.T4CConnection@69fe7090
2024-10-09T00:15:44.003-03:00  INFO 7922 --- [datatech] [           main] com.zaxxer.hikari.HikariDataSource       : HikariPool-1 - Start completed.
2024-10-09T00:15:44.953-03:00  INFO 7922 --- [datatech] [           main] o.h.e.t.j.p.i.JtaPlatformInitiator       : HHH000489: No JTA platform available (set 'hibernate.transaction.jta.platform' to enable JTA platform integration)
2024-10-09T00:15:50.347-03:00  INFO 7922 --- [datatech] [           main] j.LocalContainerEntityManagerFactoryBean : Initialized JPA EntityManagerFactory for persistence unit 'default'
2024-10-09T00:15:50.886-03:00  WARN 7922 --- [datatech] [           main] JpaBaseConfiguration$JpaWebConfiguration : spring.jpa.open-in-view is enabled by default. Therefore, database queries may be performed during view rendering. Explicitly configure spring.jpa.open-in-view to disable this warning
2024-10-09T00:15:51.619-03:00  INFO 7922 --- [datatech] [           main] b.c.f.datatech.DatatechApplicationTests  : Started DatatechApplicationTests in 10.325 seconds (process running for 11.023)
]]></system-out>
  </testcase>
</testsuite>